<?xml version="1.0" encoding="UTF-8"?>
<!-- Generated by org.testng.reporters.JUnitReportReporter -->
<testsuite hostname="vinnu" failures="0" tests="1" name="com.ohrm.testcases.LoginPageTest" time="20.192" errors="0" timestamp="2024-02-29T18:51:31 IST" skipped="0">
  <testcase classname="com.ohrm.testcases.LoginPageTest" name="validateForgotPasswordTest" time="20.192"/>
  <system-out/>
</testsuite> <!-- com.ohrm.testcases.LoginPageTest -->
